'\\?\E:\SoftwareDevelopment\Shopy4\front-end\espo-shofy-final-project-07march2026'
CMD.EXE was started with the above path as the current directory.
UNC paths are not supported.  Defaulting to Windows directory.
npm error code EPERM
npm error syscall mkdir
npm error path C:\Users\rajpo\AppData\Local\npm-cache\_cacache\tmp
npm error errno EPERM
npm error FetchError: Invalid response body while trying to fetch https://registry.npmjs.org/playwright: EPERM: operation not permitted, mkdir 'C:\Users\rajpo\AppData\Local\npm-cache\_cacache\tmp'
npm error     at C:\Program Files\nodejs\node_modules\npm\node_modules\minipass-fetch\lib\body.js:170:15
npm error     at async Response.json (C:\Program Files\nodejs\node_modules\npm\node_modules\minipass-fetch\lib\body.js:75:17)
npm error     at async RegistryFetcher.packument (C:\Program Files\nodejs\node_modules\npm\node_modules\pacote\lib\registry.js:98:25)
npm error     at async RegistryFetcher.manifest (C:\Program Files\nodejs\node_modules\npm\node_modules\pacote\lib\registry.js:128:23)
npm error     at async getManifest (C:\Program Files\nodejs\node_modules\npm\node_modules\libnpmexec\lib\index.js:29:22)
npm error     at async missingFromTree (C:\Program Files\nodejs\node_modules\npm\node_modules\libnpmexec\lib\index.js:69:22)
npm error     at async C:\Program Files\nodejs\node_modules\npm\node_modules\libnpmexec\lib\index.js:191:32
npm error     at async Promise.all (index 0)
npm error     at async exec (C:\Program Files\nodejs\node_modules\npm\node_modules\libnpmexec\lib\index.js:189:3)
npm error     at async Npm.exec (C:\Program Files\nodejs\node_modules\npm\lib\npm.js:208:9) {
npm error   code: 'EPERM',
npm error   errno: 'EPERM',
npm error   syscall: 'mkdir',
npm error   path: 'C:\\Users\\rajpo\\AppData\\Local\\npm-cache\\_cacache\\tmp',
npm error   type: 'system'
npm error }
npm error
npm error The operation was rejected by your operating system.
npm error It's possible that the file was already in use (by a text editor or antivirus),
npm error or that you lack permissions to access it.
npm error
npm error If you believe this might be a permissions issue, please double-check the
npm error permissions of the file and its containing directories, or try running
npm error the command again as root/Administrator.
npm error Log files were not written due to an error writing to the directory: C:\Users\rajpo\AppData\Local\npm-cache\_logs
npm error You can rerun the command with `--loglevel=verbose` to see the logs in your terminal
